-------------------------------------------------------------------------------
Test set: starter.CucumberTestSuite
-------------------------------------------------------------------------------
Tests run: 1, Failures: 0, Errors: 1, Skipped: 0, Time elapsed: 6.235 s <<< FAILURE! - in starter.CucumberTestSuite
Cargar archivos.Cargar archivos  Time elapsed: 4.996 s  <<< ERROR!
net.serenitybdd.core.exceptions.StepInitialisationException: Failed to create step library for UploadFilesStep:Could not instantiate class io.appium.java_client.AppiumDriver
Caused by: net.thucydides.core.webdriver.DriverConfigurationError: Could not instantiate class io.appium.java_client.AppiumDriver
Caused by: net.thucydides.core.webdriver.DriverConfigurationError: 
WebDriver was unable to create a new instance of type class io.appium.java_client.AppiumDriver
WebDriver reported the following message: Could not start a new session. Possible causes are invalid address of the remote server or browser start-up failure. 
Host info: host: 'LAPTOP-MHVVS61O', ip: '192.168.1.108'
See below for more details.
Caused by: org.openqa.selenium.SessionNotCreatedException: 
Could not start a new session. Possible causes are invalid address of the remote server or browser start-up failure. 
Host info: host: 'LAPTOP-MHVVS61O', ip: '192.168.1.108'
Caused by: org.openqa.selenium.WebDriverException: 
Connection refused: no further information
Build info: version: '4.8.0', revision: '267030adea'
System info: os.name: 'Windows 10', os.arch: 'amd64', os.version: '10.0', java.version: '16.0.2'
Driver info: driver.version: RemoteDriver
Caused by: java.net.ConnectException: Connection refused: no further information

