-------------------------------------------------------------------------------
Test set: starter.CucumberTestSuite
-------------------------------------------------------------------------------
Tests run: 1, Failures: 0, Errors: 1, Skipped: 0, Time elapsed: 0.009 s <<< FAILURE! - in starter.CucumberTestSuite
starter.CucumberTestSuite  Time elapsed: 0.002 s  <<< ERROR!
java.lang.IllegalArgumentException: path must exist: C:\Users\Carlos\Downloads\serenity-cucumber-starter-master\tarjet\rerun.txt

